2020-07-15 13:00:50,897 - inspection2.utils.logger - INFO - Start building up project...
2020-07-15 13:00:50,897 - inspection2.utils.logger - ERROR - Please provide to Input either a `shape` or a `tensor` argument. Note that `shape` does not include the batch dimension.
2020-07-15 13:04:01,388 - inspection2.utils.logger - INFO - Start building up project...
2020-07-15 13:04:01,388 - inspection2.utils.logger - ERROR - Please provide to Input either a `shape` or a `tensor` argument. Note that `shape` does not include the batch dimension.
2020-07-15 13:07:17,859 - inspection2.utils.logger - INFO - Start building up project...
2020-07-15 13:07:17,865 - inspection2.utils.logger - ERROR - Please provide to Input either a `shape` or a `tensor` argument. Note that `shape` does not include the batch dimension.
2020-07-15 13:13:03,838 - inspection2.utils.logger - INFO - Start building up project...
2020-07-15 13:13:03,839 - inspection2.utils.logger - ERROR - Please provide to Input either a `shape` or a `tensor` argument. Note that `shape` does not include the batch dimension.
2020-07-15 13:16:23,279 - inspection2.utils.logger - INFO - Start building up project...
2020-07-15 13:16:23,279 - inspection2.utils.logger - ERROR - Please provide to Input either a `shape` or a `tensor` argument. Note that `shape` does not include the batch dimension.
2020-07-15 13:17:10,239 - inspection2.utils.logger - INFO - Start building up project...
2020-07-15 13:17:10,240 - inspection2.utils.logger - ERROR - Please provide to Input either a `shape` or a `tensor` argument. Note that `shape` does not include the batch dimension.
2020-07-15 13:18:31,570 - inspection2.utils.logger - INFO - Start building up project...
2020-07-15 13:18:31,571 - inspection2.utils.logger - ERROR - Please provide to Input either a `shape` or a `tensor` argument. Note that `shape` does not include the batch dimension.
2020-07-15 13:19:31,016 - inspection2.utils.logger - INFO - Start building up project...
2020-07-15 13:19:31,017 - inspection2.utils.logger - ERROR - Please provide to Input either a `shape` or a `tensor` argument. Note that `shape` does not include the batch dimension.
2020-07-15 13:19:57,875 - inspection2.utils.logger - INFO - Start building up project...
2020-07-15 13:19:57,875 - inspection2.utils.logger - ERROR - Please provide to Input either a `shape` or a `tensor` argument. Note that `shape` does not include the batch dimension.
2020-07-15 13:48:40,684 - inspection2.utils.logger - INFO - Start building up project...
2020-07-15 13:48:40,685 - inspection2.utils.logger - ERROR - Please provide to Input either a `shape` or a `tensor` argument. Note that `shape` does not include the batch dimension.
2020-07-15 13:49:14,389 - inspection2.utils.logger - INFO - Start building up project...
2020-07-15 13:49:14,390 - inspection2.utils.logger - ERROR - Please provide to Input either a `shape` or a `tensor` argument. Note that `shape` does not include the batch dimension.
2020-07-15 13:50:48,145 - inspection2.utils.logger - INFO - Start building up project...
2020-07-15 13:50:48,168 - inspection2.utils.logger - ERROR - name 'layers' is not defined
2020-07-15 13:54:41,444 - inspection2.utils.logger - INFO - Start building up project...
2020-07-15 13:54:41,832 - inspection2.utils.logger - INFO - Successfully construct the model.
2020-07-15 13:54:41,832 - inspection2.utils.logger - INFO - Successfully configured optimizer.
2020-07-15 13:54:41,839 - inspection2.utils.logger - INFO - Successfully configured loss function.
2020-07-15 13:54:41,840 - inspection2.utils.logger - INFO - Successfully configured evaluation metrics.
2020-07-15 13:54:41,845 - inspection2.utils.logger - INFO - Successfully configured callback functions.
2020-07-15 15:16:59,901 - inspection2.utils.logger - INFO - Start building up project...
2020-07-15 15:17:00,604 - inspection2.utils.logger - INFO - Successfully construct the model.
2020-07-15 15:17:00,615 - inspection2.utils.logger - INFO - Successfully configured optimizer.
2020-07-15 15:17:00,631 - inspection2.utils.logger - INFO - Successfully configured loss function.
2020-07-15 15:17:00,646 - inspection2.utils.logger - INFO - Successfully configured evaluation metrics.
2020-07-15 15:17:00,676 - inspection2.utils.logger - INFO - Successfully configured callback functions.
